<?xml version="1.0" encoding="UTF-8"?>
<testsuite name="com.github.tsonglew.jetcdskywalkingdemo.AppTest" tests="1" skipped="0" failures="0" errors="0" timestamp="2023-06-10T08:52:45" hostname="Tsonglew.local" time="0.029">
  <properties/>
  <testcase name="appHasAGreeting()" classname="com.github.tsonglew.jetcdskywalkingdemo.AppTest" time="0.029"/>
  <system-out><![CDATA[]]></system-out>
  <system-err><![CDATA[]]></system-err>
</testsuite>
